<?xml version='1.0'?>
<ns2:test-suite xmlns:ns2='urn:model.allure.qatools.yandex.ru' start='1573119741896' stop='1573119741901'>
    <name>Login: Verfiy user input correct username/password</name>
    <title>Login: Verfiy user input correct username/password</title>
    <test-cases>
        <test-case start='1573119741899' status='broken' stop='1573119741900'>
            <name>When User input correct username/password</name>
            <title>When User input correct username/password</title>
            <labels>
                <label name='language' value='javascript'/>
                <label name='framework' value='wdio'/>
                <label name='thread' value='0-0'/>
            </labels>
            <parameters>
                <parameter kind='argument' name='browser' value='chrome'/>
            </parameters>
            <steps/>
            <attachments/>
            <failure>
                <message>Step "When User input correct username/password" is not defined. You can ignore this error by setting cucumberOpts.ignoreUndefinedDefinitions as true.</message>
                <stack-trace>undefined:undefined</stack-trace>
            </failure>
        </test-case>
        <test-case start='1573119741900' status='broken' stop='1573119741900'>
            <name>Then User can login system successful</name>
            <title>Then User can login system successful</title>
            <labels>
                <label name='language' value='javascript'/>
                <label name='framework' value='wdio'/>
                <label name='thread' value='0-0'/>
            </labels>
            <parameters>
                <parameter kind='argument' name='browser' value='chrome'/>
            </parameters>
            <steps/>
            <attachments/>
            <failure>
                <message>Step "Then User can login system successful" is not defined. You can ignore this error by setting cucumberOpts.ignoreUndefinedDefinitions as true.</message>
                <stack-trace>undefined:undefined</stack-trace>
            </failure>
        </test-case>
    </test-cases>
</ns2:test-suite>